c:\users\pc\source\repos\directx game\output\engine.pdb
c:\users\pc\source\repos\directx game\output\engine.idb
c:\users\pc\source\repos\directx game\engine\x64\debug\texture.obj
c:\users\pc\source\repos\directx game\engine\x64\debug\tabledescriptorheap.obj
c:\users\pc\source\repos\directx game\engine\x64\debug\shader.obj
c:\users\pc\source\repos\directx game\engine\x64\debug\rootsignature.obj
c:\users\pc\source\repos\directx game\engine\x64\debug\mesh.obj
c:\users\pc\source\repos\directx game\engine\x64\debug\enginepch.obj
c:\users\pc\source\repos\directx game\engine\x64\debug\engine.obj
c:\users\pc\source\repos\directx game\engine\x64\debug\constantbuffer.obj
c:\users\pc\source\repos\directx game\engine\x64\debug\commandqueue.obj
c:\users\pc\source\repos\directx game\engine\x64\debug\engine.pch
c:\users\pc\source\repos\directx game\engine\x64\debug\pch.obj
c:\users\pc\source\repos\directx game\engine\x64\debug\swapchain.obj
c:\users\pc\source\repos\directx game\engine\x64\debug\device.obj
c:\users\pc\source\repos\directx game\output\engine.lib
c:\users\pc\source\repos\directx game\engine\x64\debug\engine.tlog\cl.command.1.tlog
c:\users\pc\source\repos\directx game\engine\x64\debug\engine.tlog\cl.items.tlog
c:\users\pc\source\repos\directx game\engine\x64\debug\engine.tlog\cl.read.1.tlog
c:\users\pc\source\repos\directx game\engine\x64\debug\engine.tlog\cl.write.1.tlog
c:\users\pc\source\repos\directx game\engine\x64\debug\engine.tlog\lib-link.read.1.tlog
c:\users\pc\source\repos\directx game\engine\x64\debug\engine.tlog\lib-link.write.1.tlog
c:\users\pc\source\repos\directx game\engine\x64\debug\engine.tlog\lib.command.1.tlog
